9912
0
14519
1
56714
2
67077
3
40496
4
4953
5
2097
6
5507
7
65014
8
75098
9
3325
10
17992
11
9648
12
3879
13
57310
14
50481
15
35738
16
11198
17
47628
18
29111
19
61317
20
72606
21
41921
22
5919
23
18178
24
14506
25
33554
26
38071
27
12261
28
49988
29
38537
30
27949
31
3213
32
23280
33
39805
34
51421
35
63696
36
53275
37
37411
38
1098
39
45271
40
23819
41
63300
42
11325
43
15147
44
45690
45
11022
46
20612
47
74545
48
16756
49
58248
50
71969
51
54151
52
71554
53
2806
54
52887
55
57685
56
65359
57
24585
58
27565
59
7838
60
136
61
53961
62
44983
63
64206
64
17833
65
71142
66
77089
67
61140
68
33622
69
63493
70
22372
71
68619
72
54773
73
19929
74
35048
75
71347
76
51257
77
70151
78
57897
79
53287
80
41213
81
41947
82
6746
83
36073
84
65598
85
76139
86
74376
87
3328
88
59669
89
65369
90
33652
91
75207
92
72629
93
77571
94
38431
95
1655
96
44171
97
1542
98
15514
99
66353
100
14654
101
3720
102
51501
103
12251
104
79444
105
71636
106
33917
107
77344
108
76799
109
39768
110
33537
111
69169
112
19078
113
48859
114
25776
115
41443
116
67987
117
64244
118
45651
119
39886
120
24247
121
14956
122
16857
123
14268
124
52305
125
17698
126
61944
127
26545
128
29341
129
22156
130
31157
131
53280
132
14840
133
63184
134
33830
135
10598
137
72100
138
5959
139
21492
140
74120
141
6464
142
31483
143
11166
144
32954
145
72739
146
44606
147
38805
148
52744
149
17950
150
54700
151
29436
152
23689
153
33464
154
50242
155
20992
156
36294
157
63413
158
42240
159
37173
160
8080
161
56590
162
34233
163
70148
164
1978
165
37027
166
18308
167
57324
168
74613
169
29630
170
8786
171
19541
172
79186
173
50110
174
70084
175
3515
176
28469
177
52682
178
22621
179
51301
180
35378
181
11872
182
38928
183
77204
184
44826
185
48557
186
67126
187
29031
188
41474
189
45227
190
27548
191
4154
192
22168
193
11829
194
23333
195
29528
196
73852
197
58376
198
56082
199
40634
200
1769
201
46869
202
66615
203
77034
204
56095
205
50837
206
63755
207
46885
208
57721
209
56841
210
6133
211
63796
212
71449
213
55789
214
39789
215
22131
216
55275
217
8880
218
69326
219
17213
220
49327
221
25562
222
50008
223
75495
224
5059
225
53394
226
56287
227
74374
228
4107
229
55606
230
31344
231
69238
232
39722
233
60357
234
61219
235
78142
236
52412
237
39147
238
12746
239
44653
240
70096
241
68127
242
24301
243
2059
244
49228
245
2828
246
57457
247
35703
248
24803
249
79198
250
19888
251
75351
252
18669
253
74461
254
73688
255
70978
256
27020
257
31480
258
42453
259
39103
260
17115
261
69709
262
53377
263
54721
264
61072
265
56076
266
50769
267
54162
268
19258
269
62462
270
51090
271
46681
272
26913
273
70548
274
43091
275
37422
276
20377
277
2196
278
11147
279
49665
280
17998
281
915
282
7424
283
22185
284
50326
285
19067
286
34315
287
6867
288
50936
289
49848
290
50065
291
58047
292
70972
293
3855
294
21515
295
70451
296
6062
297
68439
298
50301
299
68615
300
2307
301
13705
302
4345
303
36056
304
20100
305
51085
306
19100
307
16790
308
76808
309
24062
310
70994
311
29131
312
63920
313
41883
314
8988
315
51205
316
13138
317
50000
318
16326
319
4113
320
56737
321
59864
322
12872
323
72196
324
51881
325
5954
326
57316
327
9385
328
2577
329
6402
330
75821
331
5428
332
78186
333
68872
334
24677
335
30446
336
33804
337
41948
338
48350
339
14303
340
54100
341
48393
342
3678
343
68639
344
29214
345
75135
346
57158
347
52130
348
19667
349
72167
350
68109
351
69045
352
3745
353
56635
354
29244
355
19592
356
26112
357
9751
358
42814
359
70782
360
64300
361
51748
362
22417
363
70236
364
15904
365
41522
366
69656
367
33123
368
26804
369
35026
370
43298
371
12917
372
59086
373
1421
374
71032
375
41785
376
38538
377
73808
378
11917
379
16759
380
16018
381
63476
382
30718
383
62110
384
68519
385
67630
386
68725
387
53085
388
9640
389
74563
390
67306
391
23209
392
72654
393
69100
394
65660
395
41875
396
55891
397
27026
398
30213
399
53985
400
4644
401
65389
402
58525
403
33748
404
69728
405
11662
406
68784
407
42865
408
14782
409
35587
410
28890
411
37203
412
31288
413
10277
414
1626
415
13397
416
67909
417
33443
418
27087
419
62156
420
67891
421
78279
422
75467
423
44528
424
1282
425
441
426
40855
427
16829
428
8666
429
13989
430
2140
431
33269
432
11385
433
64048
434
71857
435
16461
436
63727
437
53109
438
52842
439
62485
440
72404
442
38067
443
59314
444
67514
445
71441
446
76667
447
5638
448
71222
449
4071
450
76160
451
42731
452
22808
453
16700
454
60903
455
65807
456
17733
457
9012
458
41064
459
13425
460
1007
461
8079
462
55868
463
49395
464
11348
465
1400
466
38789
467
39529
468
74768
469
72504
470
32029
471
37718
472
10200
473
47468
474
78740
475
77112
476
19318
477
1760
478
32200
479
36039
480
31813
481
23798
482
14621
483
36293
484
70662
485
14747
486
29691
487
20178
488
60393
489
78273
490
26429
491
11541
492
47981
493
46411
494
64800
495
18774
496
45293
497
46001
498
68017
499
6507
500
27075
501
53181
502
41432
503
54739
504
38688
505
16145
506
43029
507
14954
508
24213
509
45034
510
23152
511
71583
512
41265
513
59323
514
16215
515
63940
516
78706
517
4513
518
25593
519
2722
520
66705
521
18049
522
69678
523
60108
524
53892
525
14514
526
53788
527
19343
528
61346
529
2444
530
56995
531
56394
532
20972
533
37016
534
31840
535
7856
536
5851
537
12472
538
49972
539
2492
540
52791
541
59822
542
5818
543
78251
544
60413
545
12875
546
39398
547
30047
548
42411
549
2416
550
60132
551
17428
552
39490
553
42075
554
55122
555
39239
556
33178
557
78639
558
9590
559
71267
560
70147
561
33805
562
22703
563
70292
564
40187
565
75357
566
3788
567
56106
568
64027
569
46541
570
69092
571
57846
572
72661
573
45716
574
70844
575
8610
576
20670
577
39363
578
30461
579
42110
580
55677
581
36898
582
57236
583
70674
584
17767
585
39090
586
26358
587
38500
588
60687
589
49634
590
56726
591
2930
592
44847
593
62887
594
44473
595
67932
596
23791
597
6096
598
42624
599
22363
600
34832
601
68587
602
51578
603
25017
604
49718
605
76376
606
32431
607
30568
608
46066
609
38523
610
63903
611
67730
612
3224
613
77596
614
55882
615
51117
616
58568
617
19092
618
4239
619
27407
620
42187
621
16032
622
58917
623
12192
624
14275
625
70301
626
16917
627
9020
628
27447
629
15101
630
58370
631
23598
632
10613
633
43020
634
6783
635
18724
636
20679
637
10830
638
30628
639
14497
640
21645
641
32493
642
37485
643
1864
644
72706
645
69606
646
55058
647
16176
648
56449
649
53197
650
61452
651
45896
652
3107
653
19917
654
14132
655
69220
656
35874
657
76213
658
33386
659
53687
660
43167
661
44636
662
24636
663
54809
664
22700
665
37844
666
26267
667
10701
668
65497
669
39435
670
29703
671
53781
672
50984
673
52837
674
59930
675
61578
676
16531
677
32855
678
10528
679
23492
680
22960
681
54591
682
37150
683
34788
684
46395
685
3734
686
13241
687
32700
688
39589
689
40209
690
3636
691
9328
692
18991
693
37506
694
10368
695
26623
696
39450
697
77965
698
46447
699
23617
700
25837
701
29939
702
71103
703
49744
704
2736
705
33568
706
36275
707
42183
708
30583
709
26639
710
2709
711
75556
712
16631
713
21406
714
44110
715
35643
716
45126
717
59984
718
48794
719
49118
720
62293
721
77778
722
75431
723
22309
724
7394
725
4580
726
14966
727
46425
728
50363
729
8481
730
3545
731
35277
732
20755
733
61516
734
20102
735
59013
736
32516
737
46067
738
51274
739
12499
740
58653
741
27964
742
12484
743
72913
744
21537
745
3736
746
10199
747
66859
748
10673
749
37398
750
11640
751
2639
752
60272
753
21783
754
9185
755
74026
756
31535
757
69200
758
42523
759
46942
760
35965
761
44772
762
36588
763
57813
764
28221
765
8385
766
24304
767
37404
768
40525
769
63018
770
56945
771
37857
772
11747
773
78421
774
75156
775
44958
776
73332
777
18138
778
25896
779
18368
780
62244
781
35593
782
45065
783
18936
784
71229
785
52226
786
77744
787
26069
788
43616
789
77212
790
77047
791
31422
792
73708
793
42059
794
75334
795
10712
796
19236
797
48483
798
63539
799
60679
800
27155
801
74004
802
38494
803
4446
804
37249
805
52782
806
16865
807
63182
808
1725
809
2076
810
2407
811
13297
812
48628
813
7386
814
9937
815
69457
816
3861
817
10365
818
59320
819
57111
820
63622
821
53252
822
72616
823
68873
824
1790
825
10828
826
19189
827
25549
828
71060
829
4002
830
13881
831
51563
832
71672
833
33211
834
1879
835
40972
836
57563
837
17421
838
44304
839
43489
840
52669
841
1293
842
24349
843
49325
844
4849
845
56662
846
76266
847
57659
848
8042
849
50517
850
49894
851
27860
852
1370
853
20626
854
58110
855
60605
856
27728
857
58614
858
52628
859
35730
860
70116
861
55504
862
57363
863
67418
864
55971
865
11106
866
70458
867
39810
868
8999
869
5985
870
24625
871
61097
872
76599
873
33361
874
2460
875
62427
876
12301
877
65964
878
15550
879
36081
880
12074
881
5969
882
50910
883
24194
884
23556
885
71586
886
63357
887
62779
888
32175
889
18810
890
40828
891
20156
892
27847
893
75625
894
27425
895
13302
896
15301
897
9128
898
45221
899
3045
900
37449
901
63230
902
10958
903
62075
904
34271
905
56569
906
27478
907
45192
908
28165
909
49012
910
19827
911
16121
912
5356
913
53253
914
25872
916
14382
917
40045
918
15470
919
41488
920
8650
921
71801
922
29659
923
62938
924
49849
925
56225
926
48363
927
37679
928
11431
929
57775
930
74849
931
54178
932
53820
933
49969
934
36446
935
56920
936
71593
937
57730
938
15115
939
9356
940
57635
941
15164
942
44857
943
60832
944
15059
945
25126
946
63604
947
55835
948
43192
949
987
950
10466
951
39878
952
75623
953
5680
954
56571
955
2300
956
29902
957
38323
958
66841
959
15989
960
1664
961
77015
962
63907
963
46082
964
22200
965
76114
966
55234
967
72059
968
34084
969
67656
970
61066
971
70755
972
57445
973
54678
974
20453
975
53412
976
53713
977
12974
978
1618
979
35764
980
17397
981
71816
982
24063
983
48541
984
57228
985
15414
986
70469
988
25608
989
37520
990
53784
991
1616
992
29539
993
53346
994
1863
995
21693
996
35356
997
23756
998
7155
999
46853
1000
41541
1001
38147
1002
9579
1003
36482
1004
59272
1005
32561
1006
76696
1008
13424
1009
48694
1010
70215
1011
60445
1012
74233
1013
64687
1014
16058
1015
39448
1016
76900
1017
65850
1018
26153
1019
13040
1020
40241
1021
1871
1022
51403
1023
73414
1024
30883
1025
49050
1026
38436
1027
4213
1028
73841
1029
23690
1030
63641
1031
31950
1032
43508
1033
77071
1034
75203
1035
55050
1036
73091
1037
1245
1038
7344
1039
54290
1040
77868
1041
30658
1042
30684
1043
10469
1044
72268
1045
62821
1046
58635
1047
65444
1048
42936
1049
58579
1050
65651
1051
24889
1052
67719
1053
65283
1054
43236
1055
47176
1056
39801
1057
66331
1058
26767
1059
46072
1060
65344
1061
66435
1062
4873
1063
3977
1064
28941
1065
28040
1066
34143
1067
64200
1068
42707
1069
15670
1070
39337
1071
59547
1072
9789
1073
56580
1074
54175
1075
63549
1076
67638
1077
53402
1078
15172
1079
74926
1080
49297
1081
30008
1082
45537
1083
36035
1084
11339
1085
76455
1086
31717
1087
38201
1088
26838
1089
61306
1090
31484
1091
57130
1092
7152
1093
35276
1094
41117
1095
4634
1096
75908
1097
49309
1099
42341
1100
11991
1101
67507
1102
44726
1103
47857
1104
22030
1105
58413
1106
24966
1107
45929
1108
49926
1109
63573
1110
77337
1111
56075
1112
53124
1113
67725
1114
53120
1115
67655
1116
33331
1117
72304
1118
16194
1119
57412
1120
59130
1121
19293
1122
62619
1123
14997
1124
24025
1125
10102
1126
40886
1127
24369
1128
52866
1129
20200
1130
67937
1131
75181
1132
63153
1133
5441
1134
77634
1135
77683
1136
15015
1137
31268
1138
74933
1139
7986
1140
4811
1141
75592
1142
76357
1143
9295
1144
57802
1145
13797
1146
76293
1147
31060
1148
46813
1149
48567
1150
77333
1151
51299
1152
56244
1153
33633
1154
62493
1155
35969
1156
22721
1157
6693
1158
7356
1159
75544
1160
76270
1161
10047
1162
47295
1163
27144
1164
23493
1165
61465
1166
29251
1167
58203
1168
53584
1169
34443
1170
49303
1171
13481
1172
65994
1173
64587
1174
44623
1175
65737
1176
20538
1177
24519
1178
16271
1179
2323
1180
34483
1181
48103
1182
41739
1183
34296
1184
39939
1185
28449
1186
72041
1187
36961
1188
57506
1189
57537
1190
52458
1191
25701
1192
37955
1193
75199
1194
41909
1195
64989
1196
15490
1197
53758
1198
22937
1199
67383
1200
21234
1201
13329
1202
57553
1203
70474
1204
61807
1205
25300
1206
75798
1207
50533
1208
41113
1209
14745
1210
46124
1211
16390
1212
1289
1213
17793
1214
35140
1215
65867
1216
9866
1217
4656
1218
71204
1219
77211
1220
38709
1221
53685
1222
13342
1223
36553
1224
66039
1225
4812
1226
64164
1227
20428
1228
15837
1229
16321
1230
56043
1231
14572
1232
67226
1233
42856
1234
73329
1235
54621
1236
51904
1237
72864
1238
18655
1239
67074
1240
10647
1241
6154
1242
41554
1243
73428
1244
16391
1246
61278
1247
39470
1248
73347
1249
59613
1250
66266
1251
20540
1252
37737
1253
41518
1254
5967
1255
10098
1256
3192
1257
28310
1258
47109
1259
39510
1260
24409
1261
31667
1262
64278
1263
23726
1264
68213
1265
48890
1266
51086
1267
60397
1268
44504
1269
13063
1270
59734
1271
19710
1272
67772
1273
25934
1274
42815
1275
27635
1276
10408
1277
53064
1278
49678
1279
41494
1280
29178
1281
26338
1283
41648
1284
21763
1285
59740
1286
5712
1287
41706
1288
58051
1290
51712
1291
11261
1292
33419
1294
37116
1295
11306
1296
74112
1297
57264
1298
51632
1299
21637
1300
36172
1301
53400
1302
28659
1303
60133
1304
56510
1305
30453
1306
60240
1307
10349
1308
22996
1309
38517
1310
25076
1311
67703
1312
18855
1313
21160
1314
2941
1315
37584
1316
12063
1317
36077
1318
11504
1319
22257
1320
61450
1321
54625
1322
5726
1323
66302
1324
60765
1325
46876
1326
43929
1327
8916
1328
25867
1329
8222
1330
58601
1331
22772
1332
13493
1333
35898
1334
44034
1335
5928
1336
48583
1337
60979
1338
63919
1339
5311
1340
39389
1341
26260
1342
69078
1343
64555
1344
6404
1345
29936
1346
23802
1347
6609
1348
32482
1349
17948
1350
63107
1351
41065
1352
28823
1353
55450
1354
30075
1355
25488
1356
69066
1357
32726
1358
72289
1359
59426
1360
24951
1361
3674
1362
74620
1363
73117
1364
39723
1365
24258
1366
46408
1367
55932
1368
75466
1369
75788
1371
44015
1372
37611
1373
4024
1374
70246
1375
42829
1376
11907
1377
22980
1378
25585
1379
26682
1380
31601
1381
67153
1382
23719
1383
26478
1384
9435
1385
28373
1386
19834
1387
35063
1388
4442
1389
69441
1390
53520
1391
39665
1392
47449
1393
71206
1394
57598
1395
49167
1396
35650
1397
30744
1398
38125
1399
25238
1401
18271
1402
22035
1403
26294
1404
70055
1405
72968
1406
35128
1407
47682
1408
74682
1409
62660
1410
40331
1411
53673
1412
31271
1413
62764
1414
74009
1415
75873
1416
13700
1417
32530
1418
25727
1419
44534
1420
71251
1422
51025
1423
27787
1424
59146
1425
41148
1426
68889
1427
74727
1428
75522
1429
69665
1430
18032
1431
22128
1432
6171
1433
74396
1434
11708
1435
10195
1436
3933
1437
77042
1438
52265
1439
70422
1440
41861
1441
21137
1442
67922
1443
73814
1444
18609
1445
75355
1446
35788
1447
1824
1448
12089
1449
40177
1450
32096
1451
58970
1452
49530
1453
22421
1454
65022
1455
69801
1456
65277
1457
71788
1458
68176
1459
18737
1460
76676
1461
69139
1462
44359
1463
3833
1464
21906
1465
65211
1466
24976
1467
3639
1468
62161
1469
41604
1470
50867
1471
14629
1472
62457
1473
76076
1474
54655
1475
26397
1476
27941
1477
45597
1478
48529
1479
70711
1480
64458
1481
28065
1482
37091
1483
19114
1484
29219
1485
38875
1486
71250
1487
33659
1488
20495
1489
20926
1490
6562
1491
74735
1492
28141
1493
6606
1494
28858
1495
8690
1496
69178
1497
27892
1498
52087
1499
65654
1500
46271
1501
70270
1502
56226
1503
59235
1504
41501
1505
71931
1506
20602
1507
14490
1508
31511
1509
24158
1510
49591
1511
9240
1512
62136
1513
7846
1514
55103
1515
16166
1516
43033
1517
71764
1518
30954
1519
76148
1520
36178
1521
27719
1522
61805
1523
15479
1524
30340
1525
7293
1526
32192
1527
49585
1528
11439
1529
35353
1530
40540
1531
25096
1532
64135
1533
20636
1534
29045
1535
40008
1536
18452
1537
43335
1538
15094
1539
59851
1540
47548
1541
24365
1543
17082
1544
14630
1545
32885
1546
51923
1547
6668
1548
26502
1549
46730
1550
20811
1551
5573
1552
4322
1553
4871
1554
66862
1555
34453
1556
45211
1557
9774
1558
7508
1559
45438
1560
53592
1561
33903
1562
52306
1563
65243
1564
39193
1565
49433
1566
66084
1567
9686
1568
47520
1569
6496
1570
41743
1571
65397
1572
2867
1573
63187
1574
62354
1575
2620
1576
18458
1577
20771
1578
21628
1579
14773
1580
44563
1581
71921
1582
21233
1583
32432
1584
12498
1585
71849
1586
74859
1587
4370
1588
40105
1589
8752
1590
56223
1591
19522
1592
32261
1593
7604
1594
71260
1595
74716
1596
59170
1597
26541
1598
70850
1599
12866
1600
64219
1601
75257
1602
37641
1603
14827
1604
2638
1605
53062
1606
63106
1607
71270
1608
76116
1609
40771
1610
53586
1611
30929
1612
48897
1613
16952
1614
37242
1615
8851
1617
10058
1619
33550
1620
51686
1621
59504
1622
60653
1623
31817
1624
63694
1625
6353
1627
5065
1628
12094
1629
10686
1630
58554
1631
45549
1632
18362
1633
34809
1634
20240
1635
69343
1636
65805
1637
33754
1638
52993
1639
10005
1640
3984
1641
68532
1642
29052
1643
37022
1644
26245
1645
51771
1646
70413
1647
75249
1648
42397
1649
73569
1650
71924
1651
16589
1652
50953
1653
35143
1654
25676
1656
51407
1657
74909
1658
45373
1659
65799
1660
60194
1661
12856
1662
11639
1663
63284
1665
73629
1666
22410
1667
58546
1668
49739
1669
74081
1670
51634
1671
65783
1672
49095
1673
72949
1674
23094
1675
43610
1676
68916
1677
38826
1678
71313
1679
71038
1680
14049
1681
16633
1682
20220
1683
17749
1684
40735
1685
34666
1686
54939
1687
55395
1688
41897
1689
43640
1690
25342
1691
16562
1692
24421
1693
52308
1694
45152
1695
26424
1696
1718
1697
57515
1698
48882
1699
61891
1700
56784
1701
47037
1702
57350
1703
33872
1704
15950
1705
46691
1706
11676
1707
16354
1708
51051
1709
12239
1710
3382
1711
5623
1712
36756
1713
35005
1714
15219
1715
64745
1716
74077
1717
23915
1719
50033
1720
54722
1721
41160
1722
50929
1723
8788
1724
61280
1726
45098
1727
29838
1728
38183
1729
60569
1730
64410
1731
46751
1732
49104
1733
41886
1734
73141
1735
69175
1736
7502
1737
18567
1738
24518
1739
30462
1740
28056
1741
22312
1742
24542
1743
65903
1744
14518
1745
21610
1746
14342
1747
7134
1748
14463
1749
56377
1750
30619
1751
28242
1752
56838
1753
52982
1754
11630
1755
16664
1756
17935
1757
63931
1758
21684
1759
35252
1761
49393
1762
27575
1763
69762
1764
72174
1765
49345
1766
12661
1767
33531
1768
44679
1770
69388
1771
39355
1772
60344
1773
32744
1774
42457
1775
61020
1776
6735
1777
4265
1778
52134
1779
55292
1780
62863
1781
30580
1782
46200
1783
28152
1784
36562
1785
3876
1786
8184
1787
76356
1788
61445
1789
68911
1791
29177
1792
23813
1793
72281
1794
48253
1795
56339
1796
19657
1797
67717
1798
69509
1799
58247
1800
60052
1801
34900
1802
2218
1803
54682
1804
14234
1805
35886
1806
67714
1807
22769
1808
5600
1809
34158
1810
75664
1811
42467
1812
22706
1813
4521
1814
47279
1815
64753
1816
13946
1817
38330
1818
72856
1819
21639
1820
52928
1821
29993
1822
30656
1823
69548
1825
55550
1826
56052
1827
2563
1828
43645
1829
74943
1830
40230
1831
52281
1832
52375
1833
12838
1834
42855
1835
28643
1836
67333
1837
17570
1838
45452
1839
34740
1840
6757
1841
30532
1842
14603
1843
34941
1844
60348
1845
31053
1846
15523
1847
67508
1848
35372
1849
43676
1850
11906
1851
21342
1852
60558
1853
62521
1854
65476
1855
14560
1856
50685
1857
13404
1858
50486
1859
57865
1860
23335
1861
3096
1862
60134
1865
66192
1866
5000
1867
38443
1868
50935
1869
58811
1870
29940
1872
63521
1873
21371
1874
49875
1875
76218
1876
19483
1877
45982
1878
33057
1880
74185
1881
27784
1882
20095
1883
4653
1884
55020
1885
42906
1886
52464
1887
16319
1888
26578
1889
45994
1890
16693
1891
33214
1892
8324
1893
67743
1894
69534
1895
44346
1896
29593
1897
64773
1898
58240
1899
74549
1900
50762
1901
48218
1902
72515
1903
73656
1904
10104
1905
73005
1906
19992
1907
11644
1908
20066
1909
26318
1910
58965
1911
43090
1912
72380
1913
39094
1914
71056
1915
65119
1916
23479
1917
20068
1918
31240
1919
71821
1920
60994
1921
29761
1922
17463
1923
53639
1924
55595
1925
16216
1926
36730
1927
56415
1928
47865
1929
56867
1930
16462
1931
14060
1932
19050
1933
30863
1934
6922
1935
31874
1936
18687
1937
46112
1938
16961
1939
43715
1940
24452
1941
37409
1942
66490
1943
4198
1944
11773
1945
38328
1946
73554
1947
39825
1948
74015
1949
65779
1950
60157
1951
32367
1952
67859
1953
39695
1954
50725
1955
66891
1956
46698
1957
67329
1958
19279
1959
55332
1960
36420
1961
36534
1962
5567
1963
46696
1964
33228
1965
40377
1966
27037
1967
18284
1968
50129
1969
22584
1970
34005
1971
10981
1972
67618
1973
64937
1974
26845
1975
26166
1976
9101
1977
41399
1979
10580
1980
28020
1981
31348
1982
64876
1983
65002
1984
63937
1985
44841
1986
38151
1987
64820
1988
70887
1989
70061
1990
75320
1991
36539
1992
57789
1993
68883
1994
42928
1995
21005
1996
10076
1997
31551
1998
9313
1999
16270
2000
29656
2001
10766
2002
59297
2003
7988
2004
2593
2005
59616
2006
69017
2007
62807
2008
30058
2009
9652
2010
51853
2011
68503
2012
6607
2013
26324
2014
32675
2015
27239
2016
44879
2017
21908
2018
67190
2019
9854
2020
71851
2021
2864
2022
24236
2023
67732
2024
32385
2025
30559
2026
55929
2027
56127
2028
8962
2029
74474
2030
67816
2031
68291
2032
40448
2033
56502
2034
5451
2035
60460
2036
52819
2037
68792
2038
66056
2039
6848
2040
6908
2041
66205
2042
5520
2043
29294
2044
26250
2045
59893
2046
23328
2047
51180
2048
44855
2049
36552
2050
26204
2051
61522
2052
69846
2053
47678
2054
25298
2055
45040
2056
18401
2057
18860
2058
4566
2060
24926
2061
58753
2062
43309
2063
29549
2064
41034
2065
21124
2066
43966
2067
24955
2068
42959
2069
6066
2070
20173
2071
64236
2072
42208
2073
57031
2074
3910
2075
48624
2077
57760
2078
20322
2079
51813
2080
36957
2081
21766
2082
17717
2083
2636
2084
48686
2085
23920
2086
61004
2087
42596
2088
67059
2089
24313
2090
56460
2091
61290
2092
19628
2093
73131
2094
63774
2095
17585
2096
15549
2098
41758
2099
3351
2100
45071
2101
50049
2102
26362
2103
44416
2104
20469
2105
70325
2106
49359
2107
33583
2108
70398
2109
45296
2110
17061
2111
62843
2112
28073
2113
51662
2114
21452
2115
66961
2116
7522
2117
59898
2118
2380
2119
3784
2120
33033
2121
66437
2122
39583
2123
9613
2124
2305
2125
41350
2126
63678
2127
30486
2128
56839
2129
19500
2130
13668
2131
41829
2132
48612
2133
8175
2134
72803
2135
25129
2136
41142
2137
39646
2138
40283
2139
4453
2141
22393
2142
27179
2143
28330
2144
73076
2145
53819
2146
17456
2147
44279
2148
55190
2149
41158
2150
18573
2151
29224
2152
56612
2153
39790
2154
59152
2155
35248
2156
8253
2157
38385
2158
50100
2159
64467
2160
32072
2161
74876
2162
56747
2163
67760
2164
50477
2165
57367
2166
15070
2167
9422
2168
64511
2169
62587
2170
3733
2171
65264
2172
8735
2173
24059
2174
24302
2175
46193
2176
70512
2177
16110
2178
3952
2179
72150
2180
6966
2181
48856
2182
40709
2183
43864
2184
19631
2185
10932
2186
2414
2187
52503
2188
58418
2189
8856
2190
55675
2191
20681
2192
21402
2193
12329
2194
3402
2195
71813
2197
64786
2198
54804
2199
28545
2200
53021
2201
50738
2202
7527
2203
48453
2204
4420
2205
40887
2206
70811
2207
72882
2208
16821
2209
12791
2210
73718
2211
47376
2212
58852
2213
49493
2214
49186
2215
17033
2216
12527
2217
24798
2219
13220
2220
14633
2221
34801
2222
5864
2223
60218
2224
13602
2225
22961
2226
47151
2227
18665
2228
54959
2229
42607
2230
37407
2231
63027
2232
27042
2233
38665
2234
50403
2235
36047
2236
43102
2237
69541
2238
36958
2239
52640
2240
8728
2241
48158
2242
13532
2243
75222
2244
36107
2245
21980
2246
29419
2247
52456
2248
68576
2249
15839
2250
68336
2251
25803
2252
27204
2253
58703
2254
11525
2255
39165
2256
39864
2257
52445
2258
68675
2259
52280
2260
64668
2261
36183
2262
61070
2263
38931
2264
60735
2265
48800
2266
53003
2267
42072
2268
33179
2269
12536
2270
59357
2271
24097
2272
56101
2273
40086
2274
45551
2275
6088
2276
75050
2277
57899
2278
67753
2279
6620
2280
70673
2281
46907
2282
12922
2283
11324
2284
55695
2285
42245
2286
47649
2287
71440
2288
11553
2289
61833
2290
19956
2291
16555
2292
39833
2293
26492
2294
56120
2295
16079
2296
70435
2297
49055
2298
27901
2299
25013
2301
10592
2302
69255
2303
9835
2304
6903
2306
60289
2308
43324
2309
19344
2310
62463
2311
72728
2312
40132
2313
66287
2314
68652
2315
56583
2316
60496
2317
38372
2318
46667
2319
48049
2320
70733
2321
45601
2322
31582
2324
32107
2325
19157
2326
66552
2327
31972
2328
49588
2329
25522
2330
47152
2331
63234
2332
33126
2333
16493
2334
58326
2335
5433
2336
70965
2337
48081
2338
68112
2339
4994
2340
61514
2341
22882
2342
53968
2343
35912
2344
45695
2345
4733
2346
45635
2347
41274
2348
53496
2349
39212
2350
27071
2351
57678
2352
55813
2353
8102
2354
12921
2355
11196
2356
55714
2357
16761
2358
9881
2359
22582
2360
62081
2361
17041
2362
13937
2363
52646
2364
43571
2365
74148
2366
45249
2367
40628
2368
48127
2369
52490
2370
36790
2371
14235
2372
28198
2373
20736
2374
11659
2375
32627
2376
64533
2377
41564
2378
70080
2379
49761
2381
60092
2382
30053
2383
7388
2384
13221
2385
52059
2386
64887
2387
21722
2388
59887
2389
24354
2390
52031
2391
36726
2392
7948
2393
6529
2394
35055
2395
61313
2396
68802
2397
58915
2398
51517
2399
35562
2400
73830
2401
8316
2402
32075
2403
41595
2404
59307
2405
26471
2406
23171
2408
63721
2409
17876
2410
68868
2411
11721
2412
66845
2413
15102
2415
74144
2417
24577
2418
30089
2419
74534
2420
26917
2421
66444
2422
53512
2423
61580
2424
5790
2425
25942
2426
44946
2427
52351
2428
19775
2429
48521
2430
44020
2431
61748
2432
11594
2433
13764
2434
30576
2435
41782
2436
17509
2437
51303
2438
16970
2439
39732
2440
72762
2441
69465
2442
29216
2443
54753
2445
71539
2446
9949
2447
16214
2448
65794
2449
54385
2450
13447
2451
64929
2452
43778
2453
69771
2454
16073
2455
27629
2456
63812
2457
17925
2458
53453
2459
15845
2461
67877
2462
28990
2463
25516
2464
26425
2465
21329
2466
74672
2467
47936
2468
5774
2469
21509
2470
67109
2471
61109
2472
41842
2473
9083
2474
72901
2475
16171
2476
18571
2477
21156
2478
43495
2479
71913
2480
72245
2481
27012
2482
16783
2483
30892
2484
55907
2485
70795
2486
60441
2487
19583
2488
54359
2490
49324
2491
12483
2493
36736
2494
65378
2495
34220
2496
58298
2497
60935
2498
23663
2499
70383
2500
28334
2501
37849
2502
13996
2503
34923
2504
10217
2505
4688
2506
21211
2507
2903
2508
61829
2509
49142
2510
7451
2511
33718
2512
41374
2513
53930
2514
46720
2515
39364
2516
52963
2517
33147
2518
68638
2519
55632
2520
59657
2521
9620
2522
63355
2523
46153
2524
46941
2525
7313
2526
66937
2527
12907
2528
69104
2529
71314
2530
3052
2531
57103
2532
41021
2533
26720
2534
72102
2535
47523
2536
40413
2537
11982
2538
27148
2539
14944
2540
50805
2541
73014
2542
70211
2543
62435
2544
18507
2545
18439
2546
30139
2547
70235
2548
36860
2549
19821
2550
25672
2551
70563
2552
52446
2553
31558
2554
70012
2555
70011
2556
15599
2557
5269
2558
68367
2559
29534
2560
52803
2561
12470
2562
34074
2564
28112
2565
33828
2566
51913
2567
68829
2568
53598
2569
50240
2570
13465
2571
10653
2572
10628
2573
32002
2574
52735
2575
35011
2576
45232
2578
47746
2579
26186
2580
42047
2581
56499
2582
24419
2583
5933
2584
7146
2585
63515
2586
50006
2587
31250
2588
31514
2589
11230
2590
41772
2591
53555
2592
6681
2594
44133
2595
66342
2596
48345
2597
61627
2598
19505
2599
56123
2600
27005
2601
54110
2602
23369
2603
15103
2604
58741
2605
41084
2606
50695
2607
63498
2608
64945
2609
26000
2610
52202
2611
41689
2612
34736
2613
42837
2614
17234
2615
29990
2616
55118
2617
47424
2618
29860
2619
12080
2621
54043
2622
67234
2623
19380
2624
69994
2625
19747
2626
44443
2627
26680
2628
65054
2629
69993
2630
50898
2631
3650
2632
9716
2633
63886
2634
36287
2635
13265
2637
74363
2640
68469
2641
65925
2642
7281
2643
30807
2644
69411
2645
7226
2646
3161
2647
21084
2648
45756
2649
73712
2650
64387
2651
9477
2652
16185
2653
55841
2654
44675
2655
24339
2656
41752
2657
4347
2658
52258
2659
13209
2660
25203
2661
13036
2662
66234
2663
22124
2664
45360
2665
27677
2666
46733
2667
58751
2668
51541
2669
27697
2670
58062
2671
51197
2672
62816
2673
36559
2674
62347
2675
21487
2676
11621
2677
49802
2678
24556
2679
53596
2680
32423
2681
54703
2682
31051
2683
54490
2684
38258
2685
64338
2686
59794
2687
70819
2688
50696
2689
65287
2690
9834
2691
65909
2692
65312
2693
28928
2694
68624
2695
25610
2696
40060
2697
39669
2698
72716
2699
36937
2700
37357
2701
70728
2702
21337
2703
55398
2704
19864
2705
71582
2706
19128
2707
37014
2708
49577
2710
70212
2711
36021
2712
22061
2713
39316
2714
18230
2715
62881
2716
36977
2717
6720
2718
67795
2719
10294
2720
38927
2721
15422
2723
9359
2724
66820
2725
59269
2726
9355
2727
66267
2728
32648
2729
56034
2730
38169
2731
42234
2732
19780
2733
18453
2734
21932
2735
68958
2737
65155
2738
15089
2739
73353
2740
31091
2741
45987
2742
19058
2743
60295
2744
61159
2745
24859
2746
72270
2747
30298
2748
41207
2749
44479
2750
33919
2751
22522
2752
6198
2753
8496
2754
46174
2755
36082
2756
46372
2757
42013
2758
44919
2759
10278
2760
41691
2761
4401
2762
3460
2763
27452
2764
59116
2765
44895
2766
13422
2767
69938
2768
22941
2769
15781
2770
70774
2771
26847
2772
42010
2773
44949
2774
19770
2775
42165
2776
47294
2777
32225
2778
73273
2779
46983
2780
31331
2781
23073
2782
23600
2783
43995
2784
26432
2785
41260
2786
42894
2787
71717
2788
58337
2789
34775
2790
54005
2791
69234
2792
46841
2793
21597
2794
61026
2795
71433
2796
5535
2797
42258
2798
23198
2799
43568
2800
38588
2801
34560
2802
55129
2803
4065
2804
14779
2805
20500
2807
24874
2808
60933
2809
28949
2810
32966
2811
62307
2812
23892
2813
20329
2814
13702
2815
45150
2816
13782
2817
57080
2818
30920
2819
8167
2820
11954
2821
47802
2822
42585
2823
57339
2824
44992
2825
67478
2826
61951
2827
60490
2829
36940
2830
64890
2831
39513
2832
15006
2833
47513
2834
57207
2835
51133
2836
5129
2837
51201
2838
6333
2839
11881
2840
17601
2841
41806
2842
39554
2843
31982
2844
5040
2845
64334
2846
44047
2847
4468
2848
55407
2849
18369
2850
25673
2851
42161
2852
25835
2853
56252
2854
38838
2855
72964
2856
68930
2857
52727
2858
15532
2859
4386
2860
15640
2861
24384
2862
20565
2863
46341
2865
66983
2866
13454
2868
54769
2869
71034
2870
16269
2871
48380
2872
47505
2873
32481
2874
73475
2875
7251
2876
20333
2877
57057
2878
59557
2879
7987
2880
69599
2881
5906
2882
49927
2883
6444
2884
53874
2885
70524
2886
28264
2887
42403
2888
20324
2889
20106
2890
49748
2891
48160
2892
44175
2893
67966
2894
12046
2895
46601
2896
26895
2897
56728
2898
36989
2899
23930
2900
29916
2901
32628
2902
36321
2904
47901
2905
48036
2906
13051
2907
38827
2908
45364
2909
53977
2910
41364
2911
36142
2912
20346
2913
26067
2914
16227
2915
64015
2916
46951
2917
32410
2918
47121
2919
39285
2920
7651
2921
51964
2922
28079
2923
15381
2924
61962
2925
59390
2926
37352
2927
50609
2928
8286
2929
47477
2931
64976
2932
51763
2933
35304
2934
49232
2935
5858
2936
69349
2937
42661
2938
23017
2939
45867
2940
35536
2942
72326
2943
13850
2944
19835
2945
31264
2946
33053
2947
67387
2948
23118
2949
14331
2950
17708
2951
31056
2952
19752
2953
50085
2954
63906
2955
47794
2956
8924
2957
68751
2958
52853
2959
59313
2960
39330
2961
42305
2962
72817
2963
8584
2964
68805
2965
17313
2966
73713
2967
23407
2968
73120
2969
14932
2970
13065
2971
50493
2972
49326
2973
29204
2974
28311
2975
73109
2976
60952
2977
65479
2978
43947
2979
44669
2980
7332
2981
12318
2982
48204
2983
71221
2984
8193
2985
28834
2986
27734
2987
59050
2988
22793
2989
29889
2990
26737
2991
47404
2992
22528
2993
29575
2994
60388
2995
30565
2996
44399
2997
40639
2998
31402
2999
39678
3000
3273
3001
17131
3002
58939
3003
49032
3004
31280
3005
10604
3006
58180
3007
65845
3008
40213
3009
20179
3010
40390
3011
71378
3012
28879
3013
25520
3014
29425
3015
35387
3016
53473
3017
32975
3018
70687
3019
32071
3020
47110
3021
55645
3022
52514
3023
66004
3024
59158
3025
3536
3026
62015
3027
44490
3028
4618
3029
12953
3030
46387
3031
44539
3032
70209
3033
62026
3034
6980
3035
33307
3036
68393
3037
22527
3038
5578
3039
43209
3040
71626
3041
18976
3042
58969
3043
68443
3044
20147
3046
35218
3047
24235
3048
48875
3049
43662
3050
11661
3051
23151
3053
61642
3054
72681
3055
14719
3056
7900
3057
62753
3058
21025
3059
47779
3060
64095
3061
3234
3062
27886
3063
67086
3064
36698
3065
19438
3066
36797
3067
54781
3068
48313
3069
17526
3070
28490
3071
62822
3072
65754
3073
6241
3074
46291
3075
7748
3076
13363
3077
58599
3078
38463
3079
24898
3080
9843
3081
20498
3082
56626
3083
17729
3084
37259
3085
15364
3086
42601
3087
24121
3088
62508
3089
32492
3090
5206
3091
19085
3092
4834
3093
14597
3094
5289
3095
27975
3097
36026
3098
42223
3099
39600
3100
55322
3101
66952
3102
16844
3103
30286
3104
32241
3105
28784
3106
40124
3108
22689
3109
63757
3110
38694
3111
7764
3112
51713
3113
35300
3114
12685
3115
65614
3116
45299
3117
72883
3118
11837
3119
68568
3120
17139
3121
15096
3122
20907
3123
11020
3124
34732
3125
5781
3126
11597
3127
46773
3128
42052
3129
31111
3130
51542
3131
30719
3132
7564
3133
64483
3134
23675
3135
23988
3136
7319
3137
70915
3138
29127
3139
18348
3140
46369
3141
7796
3142
37219
3143
66747
3144
49366
3145
21302
3146
28797
3147
67110
3148
17310
3149
28200
3150
69710
3151
8118
3152
30445
3153
41538
3154
6385
3155
13605
3156
29199
3157
71173
3158
45371
3159
38975
3160
56969
3162
38587
3163
29767
3164
14979
3165
6513
3166
54596
3167
52177
3168
70453
3169
26992
3170
24720
3171
28802
3172
37315
3173
53612
3174
57805
3175
9254
3176
44058
3177
26659
3178
43816
3179
40925
3180
58277
3181
38611
3182
6127
3183
41636
3184
57571
3185
53044
3186
37539
3187
38984
3188
24257
3189
30685
3190
41534
3191
9844
3193
30394
3194
67741
3195
53697
3196
40336
3197
46393
3198
36061
3199
68401
3200
18222
3201
38180
3202
22178
3203
26142
3204
23227
3205
34395
3206
59430
3207
48232
3208
58632
3209
23042
3210
13444
3211
42744
3212
64354
3214
27250
3215
72411
3216
39943
3217
49667
3218
11074
3219
67469
3220
16692
3221
10230
3222
72471
3223
26408
3225
69470
3226
15373
3227
36158
3228
40357
3229
24565
3230
27527
3231
54316
3232
71329
3233
53388
3235
35316
3236
48108
3237
30814
3238
11945
3239
17809
3240
52929
3241
23821
3242
7703
3243
63102
3244
53710
3245
16137
3246
10588
3247
43365
3248
18520
3249
35751
3250
36748
3251
42570
3252
60588
3253
65330
3254
71185
3255
44522
3256
55783
3257
38200
3258
36159
3259
26930
3260
49743
3261
65318
3262
20965
3263
10325
3264
13620
3265
50954
3266
12598
3267
9870
3268
15918
3269
4463
3270
41144
3271
44720
3272
16956
3274
11224
3275
40133
3276
69832
3277
48328
3278
24760
3279
14574
3280
33194
3281
49781
3282
40364
3283
18754
3284
66575
3285
72774
3286
73233
3287
50497
3288
56318
3289
61039
3290
12185
3291
30594
3292
29146
3293
22914
3294
54368
3295
14898
3296
20311
3297
29236
3298
21326
3299
42205
3300
66043
3301
27684
3302
63258
3303
3518
3304
16393
3305
17407
3306
22795
3307
69130
3308
46326
3309
22946
3310
44626
3311
35838
3312
51830
3313
19658
3314
11733
3315
6227
3316
8246
3317
3794
3318
3410
3319
26945
3320
35287
3321
15646
3322
39666
3323
55258
3324
29775
3326
47040
3327
63129
3329
33380
3330
26262
3331
53589
3332
53591
3333
40101
3334
7461
3335
17516
3336
40462
3337
34388
3338
44755
3339
49132
3340
21807
3341
34047
3342
20599
3343
24650
3344
44410
3345
11606
3346
35752
3347
15055
3348
14650
3349
21010
3350
70175
3352
53276
3353
34424
3354
60607
3355
4025
3356
19477
3357
48286
3358
53005
3359
39629
3360
31398
3361
52594
3362
29121
3363
58440
3364
69280
3365
69702
3366
62380
3367
26280
3368
61168
3369
16279
3370
17574
3371
19577
3372
41209
3373
28647
3374
39677
3375
72698
3376
59777
3377
40273
3378
61459
3379
69908
3380
64825
3381
26248
3383
16442
3384
24547
3385
57665
3386
10602
3387
32384
3388
47218
3389
44611
3390
36274
3391
61427
3392
38923
3393
70580
3394
65153
3395
27242
3396
17195
3397
68481
3398
3625
3399
52168
3400
50272
3401
18221
3403
55185
3404
28176
3405
48924
3406
58357
3407
50142
3408
59075
3409
45091
3411
69805
3412
27712
3413
16715
3414
66707
3415
29122
3416
24098
3417
44695
3418
67587
3419
72925
3420
63405
3421
5309
3422
10084
3423
54463
3424
18438
3425
54720
3426
28246
3427
69585
3428
19162
3429
22413
3430
18301
3431
53442
3432
72732
3433
37385
3434
60279
3435
61892
3436
13418
3437
52869
3438
13434
3439
27025
3440
36041
3441
50484
3442
62862
3443
15099
3444
57525
3445
38697
3446
67337
3447
41938
3448
64603
3449
63864
3450
10982
3451
9366
3452
28821
3453
67278
3454
34990
3455
64605
3456
16204
3457
46036
3458
23263
3459
6482
3461
43615
3462
42320
3463
55358
3464
51016
3465
14607
3466
16277
3467
48331
3468
4357
3469
16801
3470
43636
3471
47363
3472
45030
3473
64085
3474
57663
3475
63359
3476
43035
3477
60958
3478
58662
3479
10274
3480
10502
3481
69935
3482
50390
3483
41371
3484
18280
3485
63753
3486
45760
3487
45279
3488
70993
3489
17435
3490
18471
3491
5044
3492
28009
3493
11581
3494
7401
3495
37351
3496
41585
3497
15504
3498
47817
3499
56783
3500
42489
3501
9349
3502
54998
3503
13957
3504
61708
3505
64054
3506
41219
3507
48762
3508
46548
3509
32333
3510
32839
3511
67991
3512
56313
3513
49356
3514
42248
3516
27190
3517
58722
3519
59038
3520
66780
3521
45922
3522
60276
3523
4300
3524
39179
3525
30253
3526
59507
3527
54766
3528
12344
3529
15999
3530
45534
3531
3554
3532
73008
3533
47854
3534
8513
3535
63792
3537
33661
3538
15761
3539
9996
3540
5136
3541
71973
3542
61956
3543
42253
3544
17519
3546
8105
3547
38604
3548
19014
3549
64811
3550
53063
3551
41918
3552
42495
3553
50663
3555
30610
3556
5459
3557
48922
3558
44415
3559
30155
3560
19503
3561
31709
3562
48242
3563
33021
3564
4045
3565
63241
3566
45526
3567
46280
3568
43619
3569
45738
3570
51155
3571
6095
3572
51405
3573
25873
3574
61675
3575
25459
3576
48472
3577
4333
3578
36102
3579
54452
3580
4537
3581
62396
3582
52493
3583
29931
3584
65109
3585
13269
3586
67758
3587
13384
3588
10489
3589
12595
3590
6282
3591
55304
3592
19986
3593
42706
3594
62187
3595
41879
3596
23711
3597
17411
3598
3649
3599
45522
3600
70922
3601
15383
3602
58671
3604
7285
3605
25964
3606
61592
3607
3624
3608
53102
3609
41911
3610
61226
3611
40186
3612
26552
3613
21948
3614
27938
3615
71689
3616
13494
3617
31832
3618
37452
3619
32099
3620
9578
3621
35021
3622
34679
3623
49525
3626
54532
3627
33094
3628
41851
3629
8759
3630
8871
3631
39968
3632
37634
3633
66715
3634
66803
3635
25694
3637
72310
3638
58174
3640
61333
3641
37145
3642
34144
3643
49658
3644
20979
3645
65487
3646
65989
3647
69839
3648
40902
3651
59457
3652
7446
3653
50973
3654
64831
3655
57551
3656
31883
3657
61328
3658
12973
3659
26500
3660
57200
3661
29556
3662
53362
3663
69373
3664
31795
3665
18703
3666
54153
3667
45251
3668
37366
3669
5678
3670
27166
3671
40227
3672
62603
3673
3959
3675
64749
3676
57409
3677
30124
3679
52543
3680
56396
3681
16993
3682
18652
3683
46457
3684
49486
3685
59164
3686
37788
3687
27073
3688
21503
3689
22123
3690
57946
3691
71546
3692
65912
3693
51314
3694
41338
3695
37943
3696
27982
3697
28488
3698
17009
3699
21633
3700
44132
3701
47337
3702
10198
3703
9660
3704
70877
3705
67446
3706
20844
3707
44830
3708
66029
3709
38908
3710
47840
3711
57318
3712
21651
3713
59528
3714
26476
3715
48315
3716
11871
3717
24837
3718
33944
3719
17934
3721
26975
3722
24598
3723
6439
3724
44574
3725
44341
3726
65399
3727
32806
3728
58221
3729
43668
3730
12184
3731
10345
3732
42039
3735
9071
3737
51733
3738
66165
3739
66337
3740
22609
3741
40369
3742
55957
3743
50039
3744
55583
3746
59154
3747
53546
3748
49843
3749
22471
3750
47618
3751
15806
3752
71665
3753
67181
3754
29525
3755
6955
3756
60452
3757
7950
3758
26125
3759
16507
3760
58366
3761
71728
3762
57679
3763
17362
3764
68202
3765
7210
3766
43092
3767
35012
3768
57385
3769
12733
3770
8815
3771
23054
3772
59733
3773
62260
3774
30849
3775
53242
3776
49664
3777
24773
3778
50650
3779
32426
3780
64477
3781
57910
3782
21054
3783
5268
3785
7211
3786
23665
3787
49170
3789
55262
3790
35624
3791
13621
3792
60018
3793
61904
3795
25785
3796
21976
3797
33624
3798
54506
3799
19033
3800
62633
3801
37350
3802
36002
3803
70179
3804
4111
3805
18352
3806
4830
3807
4280
3808
31814
3809
32463
3810
42684
3811
26885
3812
43122
3813
57229
3814
58115
3815
62774
3816
33277
3817
37563
3818
38482
3819
44088
3820
8978
3821
12347
3822
65126
3823
48516
3824
50163
3825
61100
3826
13910
3827
35364
3828
54995
3829
37941
3830
46462
3831
34845
3832
67406
3834
41024
3835
52719
3836
50937
3837
71628
3838
60217
3839
10961
3840
46176
3841
7041
3842
70689
3843
71381
3844
42554
3845
46023
3846
39922
3847
71964
3848
4031
3849
14682
3850
54197
3851
40807
3852
28504
3853
11905
3854
18333
3856
68962
3857
4583
3858
13942
3859
12365
3860
49272
3862
21469
3863
40798
3864
34957
3865
52084
3866
27586
3867
9281
3868
22427
3869
9727
3870
40768
3871
54825
3872
17487
3873
57893
3874
28078
3875
19694
3877
20483
3878
70583
3880
4106
3881
27180
3882
28898
3883
53115
3884
33160
3885
29726
3886
68577
3887
44537
3888
67759
3889
6314
3890
43880
3891
26936
3892
41787
3893
71710
3894
17866
3895
72181
3896
26372
3897
21453
3898
27070
3899
70449
3900
45421
3901
69802
3902
57487
3903
25987
3904
26485
3905
23615
3906
63759
3907
68434
3908
35537
3909
66738
3911
61356
3912
70945
3913
31676
3914
60339
3915
42716
3916
5176
3917
21533
3918
59764
3919
44731
3920
54127
3921
62071
3922
30039
3923
69911
3924
30013
3925
21244
3926
36295
3927
53772
3928
18406
3929
35701
3930
55056
3931
41074
3932
6971
3934
5896
3935
27744
3936
62375
3937
17211
3938
47260
3939
46264
3940
27437
3941
60783
3942
42350
3943
68730
3944
61842
3945
29130
3946
53265
3947
21519
3948
40306
3949
10348
3950
35290
3951
5164
3953
43274
3954
44705
3955
64402
3956
17003
3957
27804
3958
38601
3960
28084
3961
30987
3962
44547
3963
39893
3964
71644
3965
61622
3966
58512
3967
39954
3968
69478
3969
14169
3970
14553
3971
45519
3972
61334
3973
56610
3974
50312
3975
44213
3976
22634
3978
18913
3979
37590
3980
54593
3981
41932
3982
40145
3983
17737
3985
64428
3986
63455
3987
20528
3988
71753
3989
26714
3990
70531
3991
67778
3992
6146
3993
51296
3994
44192
3995
10187
3996
22722
3997
36176
3998
23825
3999
23241
4000
41680
4001
62912
4003
70631
4004
67104
4005
45501
4006
24863
4007
46723
4008
63786
4009
7430
4010
11701
4011
68435
4012
25927
4013
66256
4014
5097
4015
46791
4016
14251
4017
41016
4018
6666
4019
50578
4020
4248
4021
38216
4022
12893
4023
38572
4026
53149
4027
69689
4028
25274
4029
20859
4030
43505
4032
10190
4033
41572
4034
37250
4035
14659
4036
35508
4037
60260
4038
45324
4039
21391
4040
25177
4041
66040
4042
18600
4043
51380
4044
8872
4046
5167
4047
29392
4048
32813
4049
35095
4050
69540
4051
39858
4052
63290
4053
5581
4054
38509
4055
23016
4056
45750
4057
24985
4058
62788
4059
18120
4060
25794
4061
7602
4062
36794
4063
59725
4064
41696
4066
46780
4067
13634
4068
47001
4069
45784
4070
46111
4072
59044
4073
54366
4074
26039
4075
39804
4076
64574
4077
27670
4078
48494
4079
48654
4080
14281
4081
65398
4082
19219
4083
58577
4084
55156
4085
25094
4086
55232
4087
9207
4088
28043
4089
16023
4090
4891
4091
34062
4092
13275
4093
38171
4094
69724
4095
42809
4096
50903
4097
66829
4098
42743
4099
22668
4100
11250
4101
10504
4102
61792
4103
10575
4104
19044
4105
48891
4108
43448
4109
48955
4110
28337
4112
22354
4114
70633
4115
17923
4116
38699
4117
69174
4118
14369
4119
40764
4120
62199
4121
67460
4122
11830
4123
25723
4124
50857
4125
70567
4126
68422
4127
22905
4128
55557
4129
23706
4130
58861
4131
37846
4132
56017
4133
70764
4134
10623
4135
46463
4136
65564
4137
52976
4138
40743
4139
55081
4140
52008
4141
31769
4142
21951
4143
66296
4144
65100
4145
70617
4146
26686
4147
28785
4148
26099
4149
43183
4150
39482
4151
58797
4152
32105
4153
7571
4155
49606
4156
10650
4157
20592
4158
34608
4159
22148
4160
52011
4161
14464
4162
20073
4163
34616
4164
5439
4165
4498
4166
56018
4167
56465
4168
64286
4169
33636
4170
26419
4171
49910
4172
44825
4173
20532
4174
68468
4175
70683
4176
62454
4177
37419
4178
17561
4179
22951
4180
18472
4181
52382
4182
56797
4183
47435
4184
18681
4185
18287
4186
24776
4187
27959
4188
11420
4189
10464
4190
11194
4191
4291
4192
15530
4193
19512
4194
24189
4195
61864
4196
33290
4197
25155
4199
56112
4200
49025
4201
18798
4202
51943
4203
66539
4204
13151
4205
64702
4206
23859
4207
47075
4208
49280
4209
59894
4210
33259
4211
8225
4212
63586
4214
46188
4215
56217
4216
27851
4217
60965
4218
20283
4219
29134
4220
55036
4221
30003
4222
35539
4223
18374
4224
54000
4225
45904
4226
42668
4227
46301
4228
45673
4229
43503
4230
40961
4231
62264
4232
36929
4233
27234
4234
47060
4235
31375
4236
5982
4237
27092
4238
6086
4240
5622
4241
38187
4242
43849
4243
16582
4244
38639
4245
34769
4246
46999
4247
41713
4249
61405
4250
68680
4251
60162
4252
15299
4253
16599
4254
29035
4255
13182
4256
57085
4257
63391
4258
68602
4259
44945
4260
21622
4261
37453
4262
35141
4263
44955
4264
16433
4266
25751
4267
71585
4268
27770
4269
69008
4270
34950
4271
70556
4272
68456
4273
47351
4274
40929
4275
7888
4276
59428
4277
56602
4278
45406
4279
27928
4281
27202
4282
43352
4283
27521
4284
36338
4285
40927
4286
39288
4287
71561
4288
4428
4289
19800
4290
31120
4292
65848
4293
31622
4294
26703
4295
59953
4296
66269
4297
46360
4298
68733
4299
68043
4301
11793
4302
30930
4303
29792
4304
49693
4305
12090
4306
69236
4307
63705
4308
25390
4309
62498
4310
67926
4311
22963
4312
25543
4313
31073
4314
35493
4315
57694
4316
69476
4317
50693
4318
52736
4319
30510
4320
32314
4321
39407
4323
55497
4324
56816
4325
14407
4326
9790
4327
68977
4328
68722
4329
17696
4330
58817
4331
5349
4332
45252
4334
40062
4335
39701
4336
68394
4337
41059
4338
10955
4339
39635
4340
49810
4341
62702
4342
33502
4343
40945
4344
5116
4346
10054
4348
20249
4349
71371
4350
10185
4351
50968
4352
61264
4353
30372
4354
32563
4355
21008
4356
10635
4358
62382
4359
17030
4360
19945
4361
49196
4362
10756
4363
52759
4364
53043
4365
48397
4366
21299
4367
33029
4368
35566
4369
63698
4371
40721
4372
63730
4373
11057
4374
24175
4375
63870
4376
32762
4377
69246
4378
48269
4379
23618
4380
14567
4381
42660
4382
62911
4383
51997
4384
29208
4385
27493
4387
26285
4388
68265
4389
17867
4390
12933
4391
23742
4392
50703
4393
11535
4394
50203
4395
41268
4396
48325
4397
26291
4398
65591
4399
21780
4400
41317
4402
66145
4403
57467
4404
36263
4405
33089
4406
33235
4407
33491
4408
71109
4409
65830
4410
9436
4411
25685
4412
28966
4413
6140
4414
63134
4415
14705
4416
9924
4417
60010
4418
13557
4419
54029
4421
65311
4422
36721
4423
57313
4424
56671
4425
28029
4426
67369
4427
19204
4429
17864
4430
34639
4431
46632
4432
10146
4433
58937
4434
56296
4435
65929
4436
45731
4437
23119
4438
51661
4439
18196
4440
59758
4441
36585
4443
41924
4444
27114
4445
33047
4447
12054
4448
37458
4449
52565
4450
12328
4451
61304
4452
38299
4454
42126
4455
4693
4456
9270
4457
15985
4458
50462
4459
54820
4460
58943
4461
18148
4462
26758
4464
46821
4465
14157
4466
61810
4467
48122
4469
70128
4470
16981
4471
21849
4472
25778
4473
51365
4474
24148
4475
63467
4476
14652
4477
20666
4478
61174
4479
64271
4480
37565
4481
30891
4482
69868
4483
23945
4484
65316
4485
59918
4486
22508
4487
20694
4488
48369
4489
27395
4490
48485
4491
27863
4492
21000
4493
13255
4494
27030
4495
7117
4496
5718
4497
5290
4499
24777
4500
16559
4501
40071
4502
57122
4503
15872
4504
62865
4505
59469
4506
45869
4507
50067
4508
57429
4509
39870
4510
58571
4511
66074
4512
51925
4514
22539
4515
47253
4516
71237
4517
21957
4518
67580
4519
5522
4520
17985
4522
55182
4523
51134
4524
52359
4525
63691
4526
34082
4527
59318
4528
28194
4529
4607
4530
24949
4531
40635
4532
70324
4533
42874
4534
50377
4535
11586
4536
33370
4538
32585
4539
48026
4540
12437
4541
49256
4542
51595
4543
19336
4544
45935
4545
21514
4546
9324
4547
61729
4548
55476
4549
65021
4550
47759
4551
59092
4552
54150
4553
4628
4554
33552
4555
70506
4556
55871
4557
58308
4558
46818
4559
66170
4560
64514
4561
55768
4562
46252
4563
58228
4564
69818
4565
67098
4567
44197
4568
66896
4569
60907
4570
23981
4571
29239
4572
8503
4573
53766
4574
65911
4575
33399
4576
13077
4577
35855
4578
40825
4579
60939
4581
32685
4582
13279
4584
54226
4585
20974
4586
45529
4587
44923
4588
22106
4589
52602
4590
18783
4591
10758
4592
66501
4593
41576
4594
7607
4595
68117
4596
52757
4597
43957
4598
42207
4599
20871
4600
6959
4601
27969
4602
62704
4603
33765
4604
49500
4605
57478
4606
71067
4608
23502
4609
7491
4610
65745
4611
18966
4612
5305
4613
70577
4614
26998
4615
30435
4616
20196
4617
40347
4619
36557
4620
38489
4621
26341
4622
59677
4623
63301
4624
11039
4625
62495
4626
32125
4627
51669
4629
20611
4630
36283
4631
41876
4632
22944
4633
49109
4635
56609
4636
61997
4637
67220
4638
23585
4639
32672
4640
67051
4641
9600
4642
61995
4643
69788
4645
52171
4646
45015
4647
55719
4648
45120
4649
67286
4650
11225
4651
18553
4652
48617
4654
39104
4655
12088
4657
24294
4658
69371
4659
60467
4660
36807
4661
19967
4662
27534
4663
13198
4664
61257
4665
51264
4666
23837
4667
29558
4668
18841
4669
24901
4670
15783
4671
31077
4672
64359
4673
9058
4674
31530
4675
32273
4676
9274
4677
34439
4678
7908
4679
30518
4680
67782
4681
57167
4682
43859
4683
63238
4684
46084
4685
43220
4687
59654
4689
51947
4690
6379
4691
32404
4692
18802
4694
24426
4695
60263
4696
69501
4697
43981
4698
28698
4699
69462
4700
37300
4701
54431
4702
53289
4703
56817
4704
7751
4705
61480
4706
68022
4707
39953
4708
56639
4709
40470
4710
62146
4711
26205
4712
67927
4713
9889
4714
67053
4715
61527
4716
24931
4717
50822
4718
44134
4719
54244
4720
52346
4721
8575
4722
44372
4723
37971
4724
31830
4725
39578
4726
8347
4727
65974
4728
41370
4729
41380
4730
11892
4731
6443
4732
59332
4734
41532
4735
60752
4736
37574
4737
30880
4738
32964
4739
13963
4740
19912
4741
68961
4742
55659
4743
50622
4744
31604
4745
53931
4746
43839
4747
61631
4748
5624
4749
10089
4750
15012
4751
54688
4752
69049
4753
54797
4754
32366
4755
21727
4756
8421
4757
29834
4758
38264
4759
51621
4760
57319
4761
7459
4762
10704
4763
23646
4764
10656
4765
65279
4766
55773
4767
22256
4768
43714
4769
34081
4770
69276
4771
51717
4772
10660
4773
59463
4774
11031
4775
28934
4776
32091
4777
12629
4778
15913
4779
47273
4780
17473
4781
11416
4782
60202
4783
33051
4784
69703
4785
64893
4786
61884
4787
31612
4788
22623
4789
39904
4790
42967
4791
49505
4792
9042
4793
19897
4794
61329
4795
47382
4796
45920
4797
7022
4798
13643
4799
40834
4800
53330
4801
31098
4802
59550
4803
64378
4804
29151
4805
53562
4806
9079
4807
6395
4808
33256
4809
49443
4810
55822
4813
29613
4814
49103
4815
14391
4816
33750
4817
63495
4818
35505
4819
42281
4820
23736
4821
64589
4822
56497
4823
47882
4824
50520
4825
44663
4826
11988
4827
40486
4828
44559
4829
31478
4831
27700
4832
69313
4833
38530
4835
25120
4836
20273
4837
61873
4838
41340
4839
16394
4840
48966
4841
57458
4842
18267
4843
10915
4844
10228
4845
39559
4846
9105
4847
49666
4848
29768
4850
66206
4851
49572
4852
28135
4853
39423
4854
54917
4855
57421
4856
66049
4858
35136
4859
30767
4860
42877
4862
61434
4863
44232
4864
32462
4865
33658
4866
59870
4867
25301
4868
39840
4869
50676
4870
25621
4872
27976
4874
52690
4875
31977
4876
51423
4877
49900
4878
10530
4879
68600
4880
59934
4881
18103
4882
20873
4883
69076
4884
53809
4885
32875
4886
5108
4887
65235
4888
9815
4889
67096
4890
52762
4892
22879
4893
52654
4894
40640
4895
64097
4896
53114
4897
57164
4898
41656
4899
43383
4900
63438
4901
25946
4902
7882
4903
16962
4904
52494
4905
28127
4906
53198
4907
19738
4908
44776
4909
39420
4910
39213
4911
68072
4912
35483
4913
48401
4914
21270
4915
45909
4916
39803
4917
45175
4918
15886
4919
69567
4920
20715
4921
8630
4922
67461
4923
63453
4924
37323
4925
45827
4926
68529
4927
12716
4928
17383
4929
17751
4930
49217
4931
61470
4932
16333
4933
13242
4934
28812
4935
38063
4936
53875
4937
33612
4938
45793
4939
68322
4940
50413
4941
11435
4942
54674
4943
27228
4944
18235
4945
10051
4946
21359
4947
55319
4948
62262
4949
9093
4950
19641
4951
56833
4952
37101
4954
48964
4955
31671
4956
46056
4957
35251
4958
17076
4959
53380
4960
24237
4961
17246
4962
53828
4963
52019
4964
40290
4965
26317
4966
59177
4967
69416
4968
28420
4969
55086
4970
26364
4971
32603
4972
67981
4973
28893
4974
25711
4975
42549
4977
21754
4978
6909
4979
55315
4980
15908
4981
68041
4982
56203
4983
40918
4984
28705
4985
47552
4986
5571
4987
46490
4988
44712
4989
36180
4990
48954
4991
56856
4992
67130
4993
23045
4995
36704
4996
55974
4997
69047
4998
69458
4999
68273
5001
6542
5002
44378
5004
27738
5005
25009
5006
21432
5007
43624
5008
35849
5009
53431
5010
66138
5011
44115
5012
13091
5013
12717
5014
21138
5015
39198
5016
32085
5017
66504
5018
53207
5019
26448
5020
43642
5021
61208
5022
20026
5023
65305
5024
60967
5025
59774
5026
20563
5027
38790
5028
23409
5029
28927
5030
41840
5031
54468
5032
57798
5033
59658
5034
10422
5035
58779
5036
44173
5037
45046
5038
34364
5039
67235
5041
13824
5042
44701
5043
13187
5045
18776
5046
32052
5047
52619
5048
60646
5049
62849
5050
60151
5051
55007
5052
34804
5053
51292
5054
52552
5055
57269
5056
17292
5057
29585
5058
56952
5060
52806
5061
45581
5062
63780
5063
27498
5064
38149
5066
8566
5067
14936
5068
23829
5069
21793
5070
62533
5071
7390
5072
39556
5073
27791
5074
14445
5075
55708
5076
27028
5077
62673
5078
57509
5079
32863
5080
13268
5081
13130
5082
34413
5083
31107
5084
67835
5085
30398
5086
8029
5087
38386
5088
64005
5089
7837
5090
24880
5091
42162
5092
9506
5093
39208
5094
7685
5095
67802
5096
13161
5098
19300
5099
15268
5100
47325
5101
36027
5102
28522
5103
5506
5104
42722
5105
15407
5106
16050
5107
49470
5109
33999
5110
10795
5111
31847
5112
43353
5113
52459
5114
22013
5115
14791
5117
7316
5118
38962
5119
10802
5120
47519
5121
43466
5122
19091
5123
45201
5124
42456
5125
42140
5126
64859
5127
21214
5128
59167
5130
69658
5131
48130
5132
6168
5133
67863
5134
65619
5135
64070
5137
19275
5138
43078
5139
60304
5140
47010
5141
31368
5142
48495
5143
67217
5144
34673
5145
10020
5146
55287
5147
46371
